<?xml version="1.0" encoding="UTF-8"?>
<testsuite name="Interactuar con las ventanas emergentes en Alerts de la opcion de Alerts en la aplicacion web de DemoQA" tests="1" skipped="0" failures="0" errors="0" timestamp="2022-12-09T23:40:01" hostname="DESKTOP-F0UH65J" time="18.834">
  <properties/>
  <testcase name="Abrir y cerrar las ventanas emergentes en la opcion de Alerts de manera exitosa" classname="Interactuar con las ventanas emergentes en Alerts de la opcion de Alerts en la aplicacion web de DemoQA" time="18.834"/>
  <system-out><![CDATA[]]></system-out>
  <system-err><![CDATA[dic 09, 2022 6:40:02 PM org.openqa.selenium.remote.DesiredCapabilities chrome
INFORMACIÓN: Using `new ChromeOptions()` is preferred to `DesiredCapabilities.chrome()`
[Test worker] INFO net.serenitybdd.core.webdriver.driverproviders.ProvideNewDriver - Instantiating driver
[Test worker] INFO net.serenitybdd.core.webdriver.driverproviders.ProvideNewDriver - Driver capabilities: Capabilities {acceptInsecureCerts: false, acceptSslCerts: true, browserName: chrome, chrome.switches: --start-maximized, goog:chromeOptions: {args: [--start-maximized], extensions: [], prefs: {safebrowsing.enabled: false}}, loggingPrefs: org.openqa.selenium.logging..., platform: ANY, unhandledPromptBehavior: ignore, version: }
Starting ChromeDriver 108.0.5359.71 (1e0e3868ee06e91ad636a874420e3ca3ae3756ac-refs/branch-heads/5359@{#1016}) on port 46924
Only local connections are allowed.
Please see https://chromedriver.chromium.org/security-considerations for suggestions on keeping ChromeDriver safe.
ChromeDriver was started successfully.
dic 09, 2022 6:40:05 PM org.openqa.selenium.remote.ProtocolHandshake createSession
INFORMACIÓN: Detected dialect: W3C
[Test worker] INFO net.thucydides.core.steps.ConsoleLoggingListener - 
        __    _____ _____ ____ _____   ____   _    ____  ____  _____ ____  
  _     \ \  |_   _| ____/ ___|_   _| |  _ \ / \  / ___|/ ___|| ____|  _ \ 
 (_)_____| |   | | |  _| \___ \ | |   | |_) / _ \ \___ \\___ \|  _| | | | |
  _|_____| |   | | | |___ ___) || |   |  __/ ___ \ ___) |___) | |___| |_| |
 (_)     | |   |_| |_____|____/ |_|   |_| /_/   \_\____/|____/|_____|____/ 
        /_/                                                                

TEST PASSED: Abrir y cerrar las ventanas emergentes en la opcion de Alerts de manera exitosa
----------------------------------------------------------------------------
]]></system-err>
</testsuite>
